[06-Oct-2013 17:21:12 Europe/Berlin] PHP Warning:  require(/parts/menu.php): failed to open stream: No such file or directory in /Users/royclement/Desktop/Gite-des-cimes/modules/enfants/index.php on line 2
[06-Oct-2013 17:21:12 Europe/Berlin] PHP Fatal error:  require(): Failed opening required '/parts/menu.php' (include_path='.:/Applications/MAMP/bin/php/php5.4.10/lib/php') in /Users/royclement/Desktop/Gite-des-cimes/modules/enfants/index.php on line 2
[06-Oct-2013 17:21:12 Europe/Berlin] PHP Warning:  require(/parts/menu.php): failed to open stream: No such file or directory in /Users/royclement/Desktop/Gite-des-cimes/modules/enfants/index.php on line 2
[06-Oct-2013 17:21:12 Europe/Berlin] PHP Fatal error:  require(): Failed opening required '/parts/menu.php' (include_path='.:/Applications/MAMP/bin/php/php5.4.10/lib/php') in /Users/royclement/Desktop/Gite-des-cimes/modules/enfants/index.php on line 2
[06-Oct-2013 18:23:40 Europe/Berlin] PHP Notice:  Undefined index: PATH_INFO in /Users/royclement/Desktop/Gite-des-cimes/parts/menu.php on line 14
[06-Oct-2013 18:23:46 Europe/Berlin] PHP Notice:  Undefined index: PATH_INFO in /Users/royclement/Desktop/Gite-des-cimes/parts/menu.php on line 14
[06-Oct-2013 18:24:41 Europe/Berlin] PHP Notice:  Undefined index: PATH_INFO in /Users/royclement/Desktop/Gite-des-cimes/parts/menu.php on line 14
[06-Oct-2013 18:24:44 Europe/Berlin] PHP Notice:  Undefined index: PATH_INFO in /Users/royclement/Desktop/Gite-des-cimes/parts/menu.php on line 14
[06-Oct-2013 18:24:51 Europe/Berlin] PHP Notice:  Undefined index: PATH_INFO in /Users/royclement/Desktop/Gite-des-cimes/parts/menu.php on line 14
[06-Oct-2013 18:24:57 Europe/Berlin] PHP Notice:  Undefined index: PATH_INFO in /Users/royclement/Desktop/Gite-des-cimes/parts/menu.php on line 14
[06-Oct-2013 18:24:57 Europe/Berlin] PHP Notice:  Undefined index: PATH_INFO in /Users/royclement/Desktop/Gite-des-cimes/parts/menu.php on line 14
[06-Oct-2013 18:24:59 Europe/Berlin] PHP Notice:  Undefined index: PATH_INFO in /Users/royclement/Desktop/Gite-des-cimes/parts/menu.php on line 14
[06-Oct-2013 18:25:01 Europe/Berlin] PHP Notice:  Undefined index: PATH_INFO in /Users/royclement/Desktop/Gite-des-cimes/parts/menu.php on line 14
[06-Oct-2013 18:25:02 Europe/Berlin] PHP Notice:  Undefined index: PATH_INFO in /Users/royclement/Desktop/Gite-des-cimes/parts/menu.php on line 14
[06-Oct-2013 18:25:03 Europe/Berlin] PHP Notice:  Undefined index: PATH_INFO in /Users/royclement/Desktop/Gite-des-cimes/parts/menu.php on line 14
[06-Oct-2013 18:25:04 Europe/Berlin] PHP Notice:  Undefined index: PATH_INFO in /Users/royclement/Desktop/Gite-des-cimes/parts/menu.php on line 14
[06-Oct-2013 18:25:05 Europe/Berlin] PHP Notice:  Undefined index: PATH_INFO in /Users/royclement/Desktop/Gite-des-cimes/parts/menu.php on line 14
[06-Oct-2013 18:25:05 Europe/Berlin] PHP Notice:  Undefined index: PATH_INFO in /Users/royclement/Desktop/Gite-des-cimes/parts/menu.php on line 14
[06-Oct-2013 18:25:43 Europe/Berlin] PHP Notice:  Undefined index: PATH_INFO in /Users/royclement/Desktop/Gite-des-cimes/parts/menu.php on line 14
[06-Oct-2013 18:25:43 Europe/Berlin] PHP Notice:  Undefined index: PATH_INFO in /Users/royclement/Desktop/Gite-des-cimes/parts/menu.php on line 14
[06-Oct-2013 18:26:21 Europe/Berlin] PHP Notice:  Undefined index: PATH_INFO in /Users/royclement/Desktop/Gite-des-cimes/parts/menu.php on line 14
[06-Oct-2013 18:26:21 Europe/Berlin] PHP Notice:  Undefined index: PATH_INFO in /Users/royclement/Desktop/Gite-des-cimes/parts/menu.php on line 14
[06-Oct-2013 18:26:32 Europe/Berlin] PHP Notice:  Undefined index: PATH_INFO in /Users/royclement/Desktop/Gite-des-cimes/parts/menu.php on line 14
[06-Oct-2013 18:26:32 Europe/Berlin] PHP Notice:  Undefined index: PATH_INFO in /Users/royclement/Desktop/Gite-des-cimes/parts/menu.php on line 14
[06-Oct-2013 18:26:52 Europe/Berlin] PHP Notice:  Undefined index: PATH_INFO in /Users/royclement/Desktop/Gite-des-cimes/parts/menu.php on line 14
[06-Oct-2013 18:26:52 Europe/Berlin] PHP Notice:  Undefined index: PATH_INFO in /Users/royclement/Desktop/Gite-des-cimes/parts/menu.php on line 14
[06-Oct-2013 18:27:06 Europe/Berlin] PHP Notice:  Undefined index: PATH_INFO in /Users/royclement/Desktop/Gite-des-cimes/parts/menu.php on line 14
[06-Oct-2013 18:27:06 Europe/Berlin] PHP Notice:  Undefined index: PATH_INFO in /Users/royclement/Desktop/Gite-des-cimes/parts/menu.php on line 14
[06-Oct-2013 18:27:12 Europe/Berlin] PHP Notice:  Undefined index: PATH_INFO in /Users/royclement/Desktop/Gite-des-cimes/parts/menu.php on line 14
[06-Oct-2013 18:27:12 Europe/Berlin] PHP Notice:  Undefined index: PATH_INFO in /Users/royclement/Desktop/Gite-des-cimes/parts/menu.php on line 14
[06-Oct-2013 18:27:24 Europe/Berlin] PHP Notice:  Undefined index: PATH_INFO in /Users/royclement/Desktop/Gite-des-cimes/parts/menu.php on line 14
[06-Oct-2013 18:27:24 Europe/Berlin] PHP Notice:  Undefined index: PATH_INFO in /Users/royclement/Desktop/Gite-des-cimes/parts/menu.php on line 14
[06-Oct-2013 18:33:44 Europe/Berlin] PHP Parse error:  syntax error, unexpected ':' in /Users/royclement/Desktop/Gite-des-cimes/parts/menu.php on line 29
[06-Oct-2013 18:33:52 Europe/Berlin] PHP Parse error:  syntax error, unexpected 'echo' (T_ECHO) in /Users/royclement/Desktop/Gite-des-cimes/parts/menu.php on line 29
[06-Oct-2013 18:33:52 Europe/Berlin] PHP Parse error:  syntax error, unexpected 'echo' (T_ECHO) in /Users/royclement/Desktop/Gite-des-cimes/parts/menu.php on line 29
[06-Oct-2013 18:34:10 Europe/Berlin] PHP Parse error:  syntax error, unexpected 'echo' (T_ECHO) in /Users/royclement/Desktop/Gite-des-cimes/parts/menu.php on line 29
[06-Oct-2013 18:34:10 Europe/Berlin] PHP Parse error:  syntax error, unexpected 'echo' (T_ECHO) in /Users/royclement/Desktop/Gite-des-cimes/parts/menu.php on line 29
[06-Oct-2013 18:34:32 Europe/Berlin] PHP Parse error:  syntax error, unexpected ';' in /Users/royclement/Desktop/Gite-des-cimes/parts/menu.php on line 29
[07-Oct-2013 17:32:52 Europe/Berlin] PHP Notice:  Use of undefined constant php - assumed 'php' in /Users/royclement/Desktop/Gite-des-cimes/parts/menu.php on line 53
[07-Oct-2013 17:32:52 Europe/Berlin] PHP Notice:  Use of undefined constant php - assumed 'php' in /Users/royclement/Desktop/Gite-des-cimes/parts/menu.php on line 53
[07-Oct-2013 17:33:04 Europe/Berlin] PHP Notice:  Use of undefined constant php - assumed 'php' in /Users/royclement/Desktop/Gite-des-cimes/parts/menu.php on line 53
[07-Oct-2013 17:33:13 Europe/Berlin] PHP Notice:  Use of undefined constant php - assumed 'php' in /Users/royclement/Desktop/Gite-des-cimes/parts/menu.php on line 53
[07-Oct-2013 17:33:13 Europe/Berlin] PHP Notice:  Use of undefined constant php - assumed 'php' in /Users/royclement/Desktop/Gite-des-cimes/parts/menu.php on line 53
[07-Oct-2013 17:33:21 Europe/Berlin] PHP Notice:  Use of undefined constant php - assumed 'php' in /Users/royclement/Desktop/Gite-des-cimes/parts/menu.php on line 53
[07-Oct-2013 17:33:21 Europe/Berlin] PHP Notice:  Use of undefined constant php - assumed 'php' in /Users/royclement/Desktop/Gite-des-cimes/parts/menu.php on line 53
[03-Nov-2013 16:51:44 Europe/Berlin] PHP Fatal error:  Uncaught exception 'Exception' with message 'Unable to load db.' in /Users/royclement/Desktop/Gite-des-cimes/config/config.inc.php:30
Stack trace:
#0 /Users/royclement/Desktop/Gite-des-cimes/index.php(9): __autoload('db')
#1 {main}
  thrown in /Users/royclement/Desktop/Gite-des-cimes/config/config.inc.php on line 30
[03-Nov-2013 16:52:23 Europe/Berlin] PHP Fatal error:  Uncaught exception 'Exception' with message 'Unable to load db.' in /Users/royclement/Desktop/Gite-des-cimes/config/config.inc.php:31
Stack trace:
#0 /Users/royclement/Desktop/Gite-des-cimes/index.php(9): __autoload('db')
#1 {main}
  thrown in /Users/royclement/Desktop/Gite-des-cimes/config/config.inc.php on line 31
[03-Nov-2013 16:53:31 Europe/Berlin] PHP Warning:  include_once(/Users/royclement/Desktop/Gite-des-cimes/config/classes/db.class.php): failed to open stream: No such file or directory in /Users/royclement/Desktop/Gite-des-cimes/config/config.inc.php on line 29
[03-Nov-2013 16:53:31 Europe/Berlin] PHP Warning:  include_once(): Failed opening '/Users/royclement/Desktop/Gite-des-cimes/config/classes/db.class.php' for inclusion (include_path='.:/Applications/MAMP/bin/php/php5.4.10/lib/php') in /Users/royclement/Desktop/Gite-des-cimes/config/config.inc.php on line 29
[03-Nov-2013 16:53:31 Europe/Berlin] PHP Fatal error:  Class 'db' not found in /Users/royclement/Desktop/Gite-des-cimes/index.php on line 9
[03-Nov-2013 16:53:55 Europe/Berlin] PHP Fatal error:  Uncaught exception 'Exception' with message 'Unable to load db.' in /Users/royclement/Desktop/Gite-des-cimes/config/config.inc.php:31
Stack trace:
#0 /Users/royclement/Desktop/Gite-des-cimes/index.php(9): __autoload('db')
#1 {main}
  thrown in /Users/royclement/Desktop/Gite-des-cimes/config/config.inc.php on line 31
[03-Nov-2013 16:54:14 Europe/Berlin] PHP Fatal error:  Uncaught exception 'Exception' with message 'Unable to load db.' in /Users/royclement/Desktop/Gite-des-cimes/config/config.inc.php:31
Stack trace:
#0 /Users/royclement/Desktop/Gite-des-cimes/index.php(9): __autoload('db')
#1 {main}
  thrown in /Users/royclement/Desktop/Gite-des-cimes/config/config.inc.php on line 31
[03-Nov-2013 16:54:15 Europe/Berlin] PHP Fatal error:  Uncaught exception 'Exception' with message 'Unable to load db.' in /Users/royclement/Desktop/Gite-des-cimes/config/config.inc.php:31
Stack trace:
#0 /Users/royclement/Desktop/Gite-des-cimes/index.php(9): __autoload('db')
#1 {main}
  thrown in /Users/royclement/Desktop/Gite-des-cimes/config/config.inc.php on line 31
[03-Nov-2013 16:54:15 Europe/Berlin] PHP Fatal error:  Uncaught exception 'Exception' with message 'Unable to load db.' in /Users/royclement/Desktop/Gite-des-cimes/config/config.inc.php:31
Stack trace:
#0 /Users/royclement/Desktop/Gite-des-cimes/index.php(9): __autoload('db')
#1 {main}
  thrown in /Users/royclement/Desktop/Gite-des-cimes/config/config.inc.php on line 31
[03-Nov-2013 16:54:15 Europe/Berlin] PHP Fatal error:  Uncaught exception 'Exception' with message 'Unable to load db.' in /Users/royclement/Desktop/Gite-des-cimes/config/config.inc.php:31
Stack trace:
#0 /Users/royclement/Desktop/Gite-des-cimes/index.php(9): __autoload('db')
#1 {main}
  thrown in /Users/royclement/Desktop/Gite-des-cimes/config/config.inc.php on line 31
[03-Nov-2013 16:54:16 Europe/Berlin] PHP Fatal error:  Uncaught exception 'Exception' with message 'Unable to load db.' in /Users/royclement/Desktop/Gite-des-cimes/config/config.inc.php:31
Stack trace:
#0 /Users/royclement/Desktop/Gite-des-cimes/index.php(9): __autoload('db')
#1 {main}
  thrown in /Users/royclement/Desktop/Gite-des-cimes/config/config.inc.php on line 31
[03-Nov-2013 16:54:16 Europe/Berlin] PHP Fatal error:  Uncaught exception 'Exception' with message 'Unable to load db.' in /Users/royclement/Desktop/Gite-des-cimes/config/config.inc.php:31
Stack trace:
#0 /Users/royclement/Desktop/Gite-des-cimes/index.php(9): __autoload('db')
#1 {main}
  thrown in /Users/royclement/Desktop/Gite-des-cimes/config/config.inc.php on line 31
[03-Nov-2013 16:54:16 Europe/Berlin] PHP Fatal error:  Uncaught exception 'Exception' with message 'Unable to load db.' in /Users/royclement/Desktop/Gite-des-cimes/config/config.inc.php:31
Stack trace:
#0 /Users/royclement/Desktop/Gite-des-cimes/index.php(9): __autoload('db')
#1 {main}
  thrown in /Users/royclement/Desktop/Gite-des-cimes/config/config.inc.php on line 31
[03-Nov-2013 16:54:16 Europe/Berlin] PHP Fatal error:  Uncaught exception 'Exception' with message 'Unable to load db.' in /Users/royclement/Desktop/Gite-des-cimes/config/config.inc.php:31
Stack trace:
#0 /Users/royclement/Desktop/Gite-des-cimes/index.php(9): __autoload('db')
#1 {main}
  thrown in /Users/royclement/Desktop/Gite-des-cimes/config/config.inc.php on line 31
[03-Nov-2013 16:54:16 Europe/Berlin] PHP Fatal error:  Uncaught exception 'Exception' with message 'Unable to load db.' in /Users/royclement/Desktop/Gite-des-cimes/config/config.inc.php:31
Stack trace:
#0 /Users/royclement/Desktop/Gite-des-cimes/index.php(9): __autoload('db')
#1 {main}
  thrown in /Users/royclement/Desktop/Gite-des-cimes/config/config.inc.php on line 31
[03-Nov-2013 16:54:16 Europe/Berlin] PHP Fatal error:  Uncaught exception 'Exception' with message 'Unable to load db.' in /Users/royclement/Desktop/Gite-des-cimes/config/config.inc.php:31
Stack trace:
#0 /Users/royclement/Desktop/Gite-des-cimes/index.php(9): __autoload('db')
#1 {main}
  thrown in /Users/royclement/Desktop/Gite-des-cimes/config/config.inc.php on line 31
[03-Nov-2013 16:54:25 Europe/Berlin] PHP Fatal error:  Uncaught exception 'Exception' with message 'Unable to load db.' in /Users/royclement/Desktop/Gite-des-cimes/config/config.inc.php:31
Stack trace:
#0 /Users/royclement/Desktop/Gite-des-cimes/index.php(9): __autoload('db')
#1 {main}
  thrown in /Users/royclement/Desktop/Gite-des-cimes/config/config.inc.php on line 31
[03-Nov-2013 16:54:38 Europe/Berlin] PHP Fatal error:  Uncaught exception 'Exception' with message 'Unable to load db.' in /Users/royclement/Desktop/Gite-des-cimes/config/config.inc.php:31
Stack trace:
#0 /Users/royclement/Desktop/Gite-des-cimes/index.php(9): __autoload('db')
#1 {main}
  thrown in /Users/royclement/Desktop/Gite-des-cimes/config/config.inc.php on line 31
[03-Nov-2013 16:54:52 Europe/Berlin] PHP Warning:  include_once(/classes/db.class.php): failed to open stream: No such file or directory in /Users/royclement/Desktop/Gite-des-cimes/config/config.inc.php on line 29
[03-Nov-2013 16:54:52 Europe/Berlin] PHP Warning:  include_once(): Failed opening '/classes/db.class.php' for inclusion (include_path='.:/Applications/MAMP/bin/php/php5.4.10/lib/php') in /Users/royclement/Desktop/Gite-des-cimes/config/config.inc.php on line 29
[03-Nov-2013 16:54:52 Europe/Berlin] PHP Fatal error:  Class 'db' not found in /Users/royclement/Desktop/Gite-des-cimes/index.php on line 9
[03-Nov-2013 16:54:53 Europe/Berlin] PHP Warning:  include_once(/classes/db.class.php): failed to open stream: No such file or directory in /Users/royclement/Desktop/Gite-des-cimes/config/config.inc.php on line 29
[03-Nov-2013 16:54:53 Europe/Berlin] PHP Warning:  include_once(): Failed opening '/classes/db.class.php' for inclusion (include_path='.:/Applications/MAMP/bin/php/php5.4.10/lib/php') in /Users/royclement/Desktop/Gite-des-cimes/config/config.inc.php on line 29
[03-Nov-2013 16:54:53 Europe/Berlin] PHP Fatal error:  Class 'db' not found in /Users/royclement/Desktop/Gite-des-cimes/index.php on line 9
[03-Nov-2013 17:01:09 Europe/Berlin] PHP Warning:  session_start(): Cannot send session cookie - headers already sent by (output started at /Users/royclement/Desktop/Gite-des-cimes/index.php:5) in /Users/royclement/Desktop/Gite-des-cimes/index.php on line 6
[03-Nov-2013 17:01:09 Europe/Berlin] PHP Warning:  session_start(): Cannot send session cache limiter - headers already sent (output started at /Users/royclement/Desktop/Gite-des-cimes/index.php:5) in /Users/royclement/Desktop/Gite-des-cimes/index.php on line 6
